<?xml version="1.0" encoding="UTF-8"?>
<!-- Generated by org.testng.reporters.JUnitXMLReporter -->
<testsuite ignored="0" hostname="DESKTOP-TE0O48I" failures="0" tests="5" name="Smoke Tests" time="27.081" errors="0" timestamp="2026-02-07T22:14:22 CST">
  <testcase classname="com.orangehrm.tests.LoginTest" name="blankLoginShouldShowRequiredValidation" time="0.127"/>
  <testcase classname="com.orangehrm.tests.LoginTest" name="invalidLoginShouldShowError" time="1.587"/>
  <testcase classname="com.orangehrm.tests.LoginTest" name="validLoginShouldGoToDashboard" time="1.954"/>
  <testcase classname="com.orangehrm.tests.LoginTest" name="validUserInvalidPasswordShouldFail" time="1.93"/>
  <testcase classname="com.orangehrm.tests.MyInfoTest" name="verifyMyInfoPageDetails" time="2.098"/>
</testsuite> <!-- Smoke Tests -->
