<?xml version="1.0" encoding="UTF-8"?>
<testng-results ignored="0" total="5" passed="5" failed="0" skipped="0">
  <reporter-output>
  </reporter-output>
  <suite started-at="2026-02-07T22:13:55 CST" name="Selenium TestNG Suite" finished-at="2026-02-07T22:14:22 CST" duration-ms="27081">
    <groups>
    </groups>
    <test started-at="2026-02-07T22:13:55 CST" name="Smoke Tests" finished-at="2026-02-07T22:14:22 CST" duration-ms="27081">
      <class name="com.orangehrm.tests.MyInfoTest">
        <test-method is-config="true" signature="setup()[pri:0, instance:com.orangehrm.tests.MyInfoTest@3bb9a3ff]" started-at="2026-02-07T22:14:14 CST" name="setup" finished-at="2026-02-07T22:14:20 CST" duration-ms="5151" status="PASS">
          <reporter-output>
          </reporter-output>
        </test-method> <!-- setup -->
        <test-method signature="verifyMyInfoPageDetails()[pri:0, instance:com.orangehrm.tests.MyInfoTest@3bb9a3ff]" started-at="2026-02-07T22:14:20 CST" name="verifyMyInfoPageDetails" finished-at="2026-02-07T22:14:22 CST" duration-ms="2098" status="PASS">
          <reporter-output>
          </reporter-output>
        </test-method> <!-- verifyMyInfoPageDetails -->
        <test-method is-config="true" signature="tearDown()[pri:0, instance:com.orangehrm.tests.MyInfoTest@3bb9a3ff]" started-at="2026-02-07T22:14:22 CST" name="tearDown" finished-at="2026-02-07T22:14:22 CST" duration-ms="198" status="PASS">
          <reporter-output>
          </reporter-output>
        </test-method> <!-- tearDown -->
      </class> <!-- com.orangehrm.tests.MyInfoTest -->
      <class name="com.orangehrm.tests.LoginTest">
        <test-method is-config="true" signature="setup()[pri:0, instance:com.orangehrm.tests.LoginTest@50eac852]" started-at="2026-02-07T22:13:55 CST" name="setup" finished-at="2026-02-07T22:13:59 CST" duration-ms="4000" status="PASS">
          <reporter-output>
          </reporter-output>
        </test-method> <!-- setup -->
        <test-method signature="blankLoginShouldShowRequiredValidation()[pri:0, instance:com.orangehrm.tests.LoginTest@50eac852]" started-at="2026-02-07T22:13:59 CST" name="blankLoginShouldShowRequiredValidation" finished-at="2026-02-07T22:13:59 CST" duration-ms="127" status="PASS">
          <reporter-output>
          </reporter-output>
        </test-method> <!-- blankLoginShouldShowRequiredValidation -->
        <test-method is-config="true" signature="tearDown()[pri:0, instance:com.orangehrm.tests.LoginTest@50eac852]" started-at="2026-02-07T22:13:59 CST" name="tearDown" finished-at="2026-02-07T22:13:59 CST" duration-ms="157" status="PASS">
          <reporter-output>
          </reporter-output>
        </test-method> <!-- tearDown -->
        <test-method is-config="true" signature="setup()[pri:0, instance:com.orangehrm.tests.LoginTest@50eac852]" started-at="2026-02-07T22:13:59 CST" name="setup" finished-at="2026-02-07T22:14:02 CST" duration-ms="3105" status="PASS">
          <reporter-output>
          </reporter-output>
        </test-method> <!-- setup -->
        <test-method signature="invalidLoginShouldShowError()[pri:0, instance:com.orangehrm.tests.LoginTest@50eac852]" started-at="2026-02-07T22:14:02 CST" name="invalidLoginShouldShowError" finished-at="2026-02-07T22:14:04 CST" duration-ms="1587" status="PASS">
          <reporter-output>
          </reporter-output>
        </test-method> <!-- invalidLoginShouldShowError -->
        <test-method is-config="true" signature="tearDown()[pri:0, instance:com.orangehrm.tests.LoginTest@50eac852]" started-at="2026-02-07T22:14:04 CST" name="tearDown" finished-at="2026-02-07T22:14:04 CST" duration-ms="172" status="PASS">
          <reporter-output>
          </reporter-output>
        </test-method> <!-- tearDown -->
        <test-method is-config="true" signature="setup()[pri:0, instance:com.orangehrm.tests.LoginTest@50eac852]" started-at="2026-02-07T22:14:04 CST" name="setup" finished-at="2026-02-07T22:14:07 CST" duration-ms="2893" status="PASS">
          <reporter-output>
          </reporter-output>
        </test-method> <!-- setup -->
        <test-method signature="validLoginShouldGoToDashboard()[pri:0, instance:com.orangehrm.tests.LoginTest@50eac852]" started-at="2026-02-07T22:14:07 CST" name="validLoginShouldGoToDashboard" finished-at="2026-02-07T22:14:09 CST" duration-ms="1954" status="PASS">
          <reporter-output>
          </reporter-output>
        </test-method> <!-- validLoginShouldGoToDashboard -->
        <test-method is-config="true" signature="tearDown()[pri:0, instance:com.orangehrm.tests.LoginTest@50eac852]" started-at="2026-02-07T22:14:09 CST" name="tearDown" finished-at="2026-02-07T22:14:09 CST" duration-ms="182" status="PASS">
          <reporter-output>
          </reporter-output>
        </test-method> <!-- tearDown -->
        <test-method is-config="true" signature="setup()[pri:0, instance:com.orangehrm.tests.LoginTest@50eac852]" started-at="2026-02-07T22:14:09 CST" name="setup" finished-at="2026-02-07T22:14:12 CST" duration-ms="3315" status="PASS">
          <reporter-output>
          </reporter-output>
        </test-method> <!-- setup -->
        <test-method signature="validUserInvalidPasswordShouldFail()[pri:0, instance:com.orangehrm.tests.LoginTest@50eac852]" started-at="2026-02-07T22:14:12 CST" name="validUserInvalidPasswordShouldFail" finished-at="2026-02-07T22:14:14 CST" duration-ms="1930" status="PASS">
          <reporter-output>
          </reporter-output>
        </test-method> <!-- validUserInvalidPasswordShouldFail -->
        <test-method is-config="true" signature="tearDown()[pri:0, instance:com.orangehrm.tests.LoginTest@50eac852]" started-at="2026-02-07T22:14:14 CST" name="tearDown" finished-at="2026-02-07T22:14:14 CST" duration-ms="154" status="PASS">
          <reporter-output>
          </reporter-output>
        </test-method> <!-- tearDown -->
      </class> <!-- com.orangehrm.tests.LoginTest -->
    </test> <!-- Smoke Tests -->
  </suite> <!-- Selenium TestNG Suite -->
</testng-results>
