<?xml version="1.0" encoding="UTF-8"?>
<!-- Generated by org.testng.reporters.JUnitReportReporter -->
<testsuite hostname="DESKTOP-TE0O48I" failures="0" tests="4" name="com.orangehrm.tests.LoginTest" time="19.576" errors="0" timestamp="2026-02-07T22:14:22 CST" skipped="0">
  <testcase classname="com.orangehrm.tests.LoginTest" name="invalidLoginShouldShowError" time="5.769"/>
  <testcase classname="com.orangehrm.tests.LoginTest" name="validLoginShouldGoToDashboard" time="5.004"/>
  <testcase classname="com.orangehrm.tests.LoginTest" name="validUserInvalidPasswordShouldFail" time="5.399"/>
  <testcase classname="com.orangehrm.tests.LoginTest" name="blankLoginShouldShowRequiredValidation" time="3.404"/>
</testsuite> <!-- com.orangehrm.tests.LoginTest -->
